2023-08-08 02:11:28,934 [12] ERROR EPiServer.Find.Cms.ContentEventIndexer: An exception occurred while indexing (IContent). The remote name could not be resolved: 'your_uri'.
System.Net.WebException: The remote name could not be resolved: 'your_uri'
   at System.Net.HttpWebRequest.GetRequestStream(TransportContext& context)
   at System.Net.HttpWebRequest.GetRequestStream()
   at EPiServer.Find.Connection.JsonRequest.GetRequestStream(Int64 contentLength)
   at EPiServer.Find.Json.Serializer.SerializeObjectsToJsonRequest(JsonSerializer serializer, IJsonRequest jsonRequest, IEnumerable values)
   at EPiServer.Find.Api.BulkCommand.Execute(List`1& serializationFailures)
   at EPiServer.Find.Api.BulkCommand.Execute()
   at EPiServer.Find.Client.Index(IEnumerable objectsToIndex, Boolean deleteLanguageRoutingDuplicatesOnIndex)
   at EPiServer.Find.Cms.ContentIndexer.IndexWithRetry(IContent[] contents, Int32 maxRetries, Boolean deleteLanguageRoutingDuplicatesOnIndex)
   at EPiServer.Find.Cms.ContentIndexer.Index(IEnumerable`1 contents, IndexOptions options)
   at EPiServer.Find.Cms.ContentEventIndexer.Index(IEnumerable`1 contentLinks)
   at EPiServer.Find.Cms.ContentEventIndexer.<>c__DisplayClass25_0.<IndexPageQueue>b__1()
   at EPiServer.Find.Cms.ContentEventIndexer.Sync(IEnumerable`1 contentToIndex, HashSet`1 contentToIndexSet, Func`1 index)
   at EPiServer.Find.Cms.ContentEventIndexer.IndexPageQueue(IEnumerable`1 contentToIndex)
   at EPiServer.Find.Cms.ContentEventIndexer.IndexPageQueue()
System.Net.WebException: The remote name could not be resolved: 'your_uri'
   at System.Net.HttpWebRequest.GetRequestStream(TransportContext& context)
   at System.Net.HttpWebRequest.GetRequestStream()
   at EPiServer.Find.Connection.JsonRequest.GetRequestStream(Int64 contentLength)
   at EPiServer.Find.Json.Serializer.SerializeObjectsToJsonRequest(JsonSerializer serializer, IJsonRequest jsonRequest, IEnumerable values)
   at EPiServer.Find.Api.BulkCommand.Execute(List`1& serializationFailures)
   at EPiServer.Find.Api.BulkCommand.Execute()
   at EPiServer.Find.Client.Index(IEnumerable objectsToIndex, Boolean deleteLanguageRoutingDuplicatesOnIndex)
   at EPiServer.Find.Cms.ContentIndexer.IndexWithRetry(IContent[] contents, Int32 maxRetries, Boolean deleteLanguageRoutingDuplicatesOnIndex)
   at EPiServer.Find.Cms.ContentIndexer.Index(IEnumerable`1 contents, IndexOptions options)
   at EPiServer.Find.Cms.ContentEventIndexer.Index(IEnumerable`1 contentLinks)
   at EPiServer.Find.Cms.ContentEventIndexer.<>c__DisplayClass25_0.<IndexPageQueue>b__1()
   at EPiServer.Find.Cms.ContentEventIndexer.Sync(IEnumerable`1 contentToIndex, HashSet`1 contentToIndexSet, Func`1 index)
   at EPiServer.Find.Cms.ContentEventIndexer.IndexPageQueue(IEnumerable`1 contentToIndex)
   at EPiServer.Find.Cms.ContentEventIndexer.IndexPageQueue()
2023-08-08 02:12:20,354 [8] ERROR EPiServer.Global: Unhandled exception in ASP.NET
System.Web.HttpException (0x80004005): Cannot redirect after HTTP headers have been sent.
   at System.Web.HttpResponse.Redirect(String url, Boolean endResponse, Boolean permanent)
   at System.Web.HttpResponseWrapper.Redirect(String url, Boolean endResponse)
   at System.Web.Mvc.RedirectResult.ExecuteResult(ControllerContext context)
   at System.Web.Mvc.ControllerActionInvoker.InvokeActionResult(ControllerContext controllerContext, ActionResult actionResult)
   at System.Web.Mvc.ControllerActionInvoker.InvokeActionResultFilterRecursive(IList`1 filters, Int32 filterIndex, ResultExecutingContext preContext, ControllerContext controllerContext, ActionResult actionResult)
   at System.Web.Mvc.ControllerActionInvoker.InvokeActionResultFilterRecursive(IList`1 filters, Int32 filterIndex, ResultExecutingContext preContext, ControllerContext controllerContext, ActionResult actionResult)
   at System.Web.Mvc.ControllerActionInvoker.InvokeActionResultFilterRecursive(IList`1 filters, Int32 filterIndex, ResultExecutingContext preContext, ControllerContext controllerContext, ActionResult actionResult)
   at System.Web.Mvc.ControllerActionInvoker.InvokeActionResultFilterRecursive(IList`1 filters, Int32 filterIndex, ResultExecutingContext preContext, ControllerContext controllerContext, ActionResult actionResult)
   at System.Web.Mvc.ControllerActionInvoker.InvokeActionResultFilterRecursive(IList`1 filters, Int32 filterIndex, ResultExecutingContext preContext, ControllerContext controllerContext, ActionResult actionResult)
   at System.Web.Mvc.ControllerActionInvoker.InvokeActionResultWithFilters(ControllerContext controllerContext, IList`1 filters, ActionResult actionResult)
   at System.Web.Mvc.Async.AsyncControllerActionInvoker.<>c__DisplayClass21.<>c__DisplayClass2b.<BeginInvokeAction>b__1c()
   at System.Web.Mvc.Async.AsyncControllerActionInvoker.<>c__DisplayClass21.<BeginInvokeAction>b__1e(IAsyncResult asyncResult)
   at System.Web.Mvc.Async.AsyncResultWrapper.WrappedAsyncResult`1.CallEndDelegate(IAsyncResult asyncResult)
   at System.Web.Mvc.Async.AsyncResultWrapper.WrappedAsyncResultBase`1.End()
   at System.Web.Mvc.Async.AsyncControllerActionInvoker.EndInvokeAction(IAsyncResult asyncResult)
   at System.Web.Mvc.Controller.<BeginExecuteCore>b__1d(IAsyncResult asyncResult, ExecuteCoreState innerState)
   at System.Web.Mvc.Async.AsyncResultWrapper.WrappedAsyncVoid`1.CallEndDelegate(IAsyncResult asyncResult)
   at System.Web.Mvc.Async.AsyncResultWrapper.WrappedAsyncResultBase`1.End()
   at System.Web.Mvc.Controller.EndExecuteCore(IAsyncResult asyncResult)
   at System.Web.Mvc.Controller.<BeginExecute>b__15(IAsyncResult asyncResult, Controller controller)
   at System.Web.Mvc.Async.AsyncResultWrapper.WrappedAsyncVoid`1.CallEndDelegate(IAsyncResult asyncResult)
   at System.Web.Mvc.Async.AsyncResultWrapper.WrappedAsyncResultBase`1.End()
   at System.Web.Mvc.Controller.EndExecute(IAsyncResult asyncResult)
   at System.Web.Mvc.Controller.System.Web.Mvc.Async.IAsyncController.EndExecute(IAsyncResult asyncResult)
   at System.Web.Mvc.MvcHandler.<BeginProcessRequest>b__5(IAsyncResult asyncResult, ProcessRequestState innerState)
   at System.Web.Mvc.Async.AsyncResultWrapper.WrappedAsyncVoid`1.CallEndDelegate(IAsyncResult asyncResult)
   at System.Web.Mvc.Async.AsyncResultWrapper.WrappedAsyncResultBase`1.End()
   at System.Web.Mvc.MvcHandler.EndProcessRequest(IAsyncResult asyncResult)
   at System.Web.Mvc.MvcHandler.System.Web.IHttpAsyncHandler.EndProcessRequest(IAsyncResult result)
   at System.Web.HttpApplication.CallHandlerExecutionStep.System.Web.HttpApplication.IExecutionStep.Execute()
   at System.Web.HttpApplication.ExecuteStepImpl(IExecutionStep step)
   at System.Web.HttpApplication.ExecuteStep(IExecutionStep step, Boolean& completedSynchronously)
System.Web.HttpException (0x80004005): Cannot redirect after HTTP headers have been sent.
   at System.Web.HttpResponse.Redirect(String url, Boolean endResponse, Boolean permanent)
   at System.Web.HttpResponseWrapper.Redirect(String url, Boolean endResponse)
   at System.Web.Mvc.RedirectResult.ExecuteResult(ControllerContext context)
   at System.Web.Mvc.ControllerActionInvoker.InvokeActionResult(ControllerContext controllerContext, ActionResult actionResult)
   at System.Web.Mvc.ControllerActionInvoker.InvokeActionResultFilterRecursive(IList`1 filters, Int32 filterIndex, ResultExecutingContext preContext, ControllerContext controllerContext, ActionResult actionResult)
   at System.Web.Mvc.ControllerActionInvoker.InvokeActionResultFilterRecursive(IList`1 filters, Int32 filterIndex, ResultExecutingContext preContext, ControllerContext controllerContext, ActionResult actionResult)
   at System.Web.Mvc.ControllerActionInvoker.InvokeActionResultFilterRecursive(IList`1 filters, Int32 filterIndex, ResultExecutingContext preContext, ControllerContext controllerContext, ActionResult actionResult)
   at System.Web.Mvc.ControllerActionInvoker.InvokeActionResultFilterRecursive(IList`1 filters, Int32 filterIndex, ResultExecutingContext preContext, ControllerContext controllerContext, ActionResult actionResult)
   at System.Web.Mvc.ControllerActionInvoker.InvokeActionResultFilterRecursive(IList`1 filters, Int32 filterIndex, ResultExecutingContext preContext, ControllerContext controllerContext, ActionResult actionResult)
   at System.Web.Mvc.ControllerActionInvoker.InvokeActionResultWithFilters(ControllerContext controllerContext, IList`1 filters, ActionResult actionResult)
   at System.Web.Mvc.Async.AsyncControllerActionInvoker.<>c__DisplayClass21.<>c__DisplayClass2b.<BeginInvokeAction>b__1c()
   at System.Web.Mvc.Async.AsyncControllerActionInvoker.<>c__DisplayClass21.<BeginInvokeAction>b__1e(IAsyncResult asyncResult)
   at System.Web.Mvc.Async.AsyncResultWrapper.WrappedAsyncResult`1.CallEndDelegate(IAsyncResult asyncResult)
   at System.Web.Mvc.Async.AsyncResultWrapper.WrappedAsyncResultBase`1.End()
   at System.Web.Mvc.Async.AsyncControllerActionInvoker.EndInvokeAction(IAsyncResult asyncResult)
   at System.Web.Mvc.Controller.<BeginExecuteCore>b__1d(IAsyncResult asyncResult, ExecuteCoreState innerState)
   at System.Web.Mvc.Async.AsyncResultWrapper.WrappedAsyncVoid`1.CallEndDelegate(IAsyncResult asyncResult)
   at System.Web.Mvc.Async.AsyncResultWrapper.WrappedAsyncResultBase`1.End()
   at System.Web.Mvc.Controller.EndExecuteCore(IAsyncResult asyncResult)
   at System.Web.Mvc.Controller.<BeginExecute>b__15(IAsyncResult asyncResult, Controller controller)
   at System.Web.Mvc.Async.AsyncResultWrapper.WrappedAsyncVoid`1.CallEndDelegate(IAsyncResult asyncResult)
   at System.Web.Mvc.Async.AsyncResultWrapper.WrappedAsyncResultBase`1.End()
   at System.Web.Mvc.Controller.EndExecute(IAsyncResult asyncResult)
   at System.Web.Mvc.Controller.System.Web.Mvc.Async.IAsyncController.EndExecute(IAsyncResult asyncResult)
   at System.Web.Mvc.MvcHandler.<BeginProcessRequest>b__5(IAsyncResult asyncResult, ProcessRequestState innerState)
   at System.Web.Mvc.Async.AsyncResultWrapper.WrappedAsyncVoid`1.CallEndDelegate(IAsyncResult asyncResult)
   at System.Web.Mvc.Async.AsyncResultWrapper.WrappedAsyncResultBase`1.End()
   at System.Web.Mvc.MvcHandler.EndProcessRequest(IAsyncResult asyncResult)
   at System.Web.Mvc.MvcHandler.System.Web.IHttpAsyncHandler.EndProcessRequest(IAsyncResult result)
   at System.Web.HttpApplication.CallHandlerExecutionStep.System.Web.HttpApplication.IExecutionStep.Execute()
   at System.Web.HttpApplication.ExecuteStepImpl(IExecutionStep step)
   at System.Web.HttpApplication.ExecuteStep(IExecutionStep step, Boolean& completedSynchronously)
2023-08-08 02:12:40,491 [12] ERROR EPiServer.Find.Cms.ContentEventIndexer: An exception occurred while indexing (IContent). The remote name could not be resolved: 'your_uri'.
System.Net.WebException: The remote name could not be resolved: 'your_uri'
   at System.Net.HttpWebRequest.GetRequestStream(TransportContext& context)
   at System.Net.HttpWebRequest.GetRequestStream()
   at EPiServer.Find.Connection.JsonRequest.GetRequestStream(Int64 contentLength)
   at EPiServer.Find.Json.Serializer.SerializeObjectsToJsonRequest(JsonSerializer serializer, IJsonRequest jsonRequest, IEnumerable values)
   at EPiServer.Find.Api.BulkCommand.Execute(List`1& serializationFailures)
   at EPiServer.Find.Api.BulkCommand.Execute()
   at EPiServer.Find.Client.Index(IEnumerable objectsToIndex, Boolean deleteLanguageRoutingDuplicatesOnIndex)
   at EPiServer.Find.Cms.ContentIndexer.IndexWithRetry(IContent[] contents, Int32 maxRetries, Boolean deleteLanguageRoutingDuplicatesOnIndex)
   at EPiServer.Find.Cms.ContentIndexer.Index(IEnumerable`1 contents, IndexOptions options)
   at EPiServer.Find.Cms.ContentIndexer.IndexFrom(ContentReference contentLink, Boolean includeRootPage, IndexOptions indexOptions)
   at EPiServer.Find.Cms.ContentEventIndexer.<>c__DisplayClass25_1.<IndexPageQueue>b__2()
   at EPiServer.Find.Cms.ContentEventIndexer.Sync(IEnumerable`1 contentToIndex, HashSet`1 contentToIndexSet, Func`1 index)
   at EPiServer.Find.Cms.ContentEventIndexer.IndexPageQueue(IEnumerable`1 contentToIndex)
   at EPiServer.Find.Cms.ContentEventIndexer.IndexPageQueue()
System.Net.WebException: The remote name could not be resolved: 'your_uri'
   at System.Net.HttpWebRequest.GetRequestStream(TransportContext& context)
   at System.Net.HttpWebRequest.GetRequestStream()
   at EPiServer.Find.Connection.JsonRequest.GetRequestStream(Int64 contentLength)
   at EPiServer.Find.Json.Serializer.SerializeObjectsToJsonRequest(JsonSerializer serializer, IJsonRequest jsonRequest, IEnumerable values)
   at EPiServer.Find.Api.BulkCommand.Execute(List`1& serializationFailures)
   at EPiServer.Find.Api.BulkCommand.Execute()
   at EPiServer.Find.Client.Index(IEnumerable objectsToIndex, Boolean deleteLanguageRoutingDuplicatesOnIndex)
   at EPiServer.Find.Cms.ContentIndexer.IndexWithRetry(IContent[] contents, Int32 maxRetries, Boolean deleteLanguageRoutingDuplicatesOnIndex)
   at EPiServer.Find.Cms.ContentIndexer.Index(IEnumerable`1 contents, IndexOptions options)
   at EPiServer.Find.Cms.ContentIndexer.IndexFrom(ContentReference contentLink, Boolean includeRootPage, IndexOptions indexOptions)
   at EPiServer.Find.Cms.ContentEventIndexer.<>c__DisplayClass25_1.<IndexPageQueue>b__2()
   at EPiServer.Find.Cms.ContentEventIndexer.Sync(IEnumerable`1 contentToIndex, HashSet`1 contentToIndexSet, Func`1 index)
   at EPiServer.Find.Cms.ContentEventIndexer.IndexPageQueue(IEnumerable`1 contentToIndex)
   at EPiServer.Find.Cms.ContentEventIndexer.IndexPageQueue()
2023-08-08 02:12:43,958 [12] ERROR EPiServer.Find.Cms.CmsUnifiedSearchSetUp: IAttachmentHelper can not be initiated.
2023-08-08 02:12:46,247 [12] ERROR EPiServer.Find.Cms.ContentEventIndexer: An exception occurred while indexing (IContent). The remote name could not be resolved: 'your_uri'.
System.Net.WebException: The remote name could not be resolved: 'your_uri'
   at System.Net.HttpWebRequest.GetRequestStream(TransportContext& context)
   at System.Net.HttpWebRequest.GetRequestStream()
   at EPiServer.Find.Connection.JsonRequest.GetRequestStream(Int64 contentLength)
   at EPiServer.Find.Json.Serializer.SerializeObjectsToJsonRequest(JsonSerializer serializer, IJsonRequest jsonRequest, IEnumerable values)
   at EPiServer.Find.Api.BulkCommand.Execute(List`1& serializationFailures)
   at EPiServer.Find.Api.BulkCommand.Execute()
   at EPiServer.Find.Client.Index(IEnumerable objectsToIndex, Boolean deleteLanguageRoutingDuplicatesOnIndex)
   at EPiServer.Find.Cms.ContentIndexer.IndexWithRetry(IContent[] contents, Int32 maxRetries, Boolean deleteLanguageRoutingDuplicatesOnIndex)
   at EPiServer.Find.Cms.ContentIndexer.Index(IEnumerable`1 contents, IndexOptions options)
   at EPiServer.Find.Cms.ContentEventIndexer.Index(IEnumerable`1 contentLinks)
   at EPiServer.Find.Cms.ContentEventIndexer.<>c__DisplayClass25_0.<IndexPageQueue>b__1()
   at EPiServer.Find.Cms.ContentEventIndexer.Sync(IEnumerable`1 contentToIndex, HashSet`1 contentToIndexSet, Func`1 index)
   at EPiServer.Find.Cms.ContentEventIndexer.IndexPageQueue(IEnumerable`1 contentToIndex)
   at EPiServer.Find.Cms.ContentEventIndexer.IndexPageQueue()
System.Net.WebException: The remote name could not be resolved: 'your_uri'
   at System.Net.HttpWebRequest.GetRequestStream(TransportContext& context)
   at System.Net.HttpWebRequest.GetRequestStream()
   at EPiServer.Find.Connection.JsonRequest.GetRequestStream(Int64 contentLength)
   at EPiServer.Find.Json.Serializer.SerializeObjectsToJsonRequest(JsonSerializer serializer, IJsonRequest jsonRequest, IEnumerable values)
   at EPiServer.Find.Api.BulkCommand.Execute(List`1& serializationFailures)
   at EPiServer.Find.Api.BulkCommand.Execute()
   at EPiServer.Find.Client.Index(IEnumerable objectsToIndex, Boolean deleteLanguageRoutingDuplicatesOnIndex)
   at EPiServer.Find.Cms.ContentIndexer.IndexWithRetry(IContent[] contents, Int32 maxRetries, Boolean deleteLanguageRoutingDuplicatesOnIndex)
   at EPiServer.Find.Cms.ContentIndexer.Index(IEnumerable`1 contents, IndexOptions options)
   at EPiServer.Find.Cms.ContentEventIndexer.Index(IEnumerable`1 contentLinks)
   at EPiServer.Find.Cms.ContentEventIndexer.<>c__DisplayClass25_0.<IndexPageQueue>b__1()
   at EPiServer.Find.Cms.ContentEventIndexer.Sync(IEnumerable`1 contentToIndex, HashSet`1 contentToIndexSet, Func`1 index)
   at EPiServer.Find.Cms.ContentEventIndexer.IndexPageQueue(IEnumerable`1 contentToIndex)
   at EPiServer.Find.Cms.ContentEventIndexer.IndexPageQueue()
2023-08-08 02:26:22,135 [28] ERROR EPiServer.Find.Cms.ContentEventIndexer: An exception occurred while indexing (IContent). The remote name could not be resolved: 'your_uri'.
System.Net.WebException: The remote name could not be resolved: 'your_uri'
   at System.Net.HttpWebRequest.GetRequestStream(TransportContext& context)
   at System.Net.HttpWebRequest.GetRequestStream()
   at EPiServer.Find.Connection.JsonRequest.GetRequestStream(Int64 contentLength)
   at EPiServer.Find.Json.Serializer.SerializeObjectsToJsonRequest(JsonSerializer serializer, IJsonRequest jsonRequest, IEnumerable values)
   at EPiServer.Find.Api.BulkCommand.Execute(List`1& serializationFailures)
   at EPiServer.Find.Api.BulkCommand.Execute()
   at EPiServer.Find.Client.Index(IEnumerable objectsToIndex, Boolean deleteLanguageRoutingDuplicatesOnIndex)
   at EPiServer.Find.Cms.ContentIndexer.IndexWithRetry(IContent[] contents, Int32 maxRetries, Boolean deleteLanguageRoutingDuplicatesOnIndex)
   at EPiServer.Find.Cms.ContentIndexer.Index(IEnumerable`1 contents, IndexOptions options)
   at EPiServer.Find.Cms.ContentEventIndexer.Index(IEnumerable`1 contentLinks)
   at EPiServer.Find.Cms.ContentEventIndexer.<>c__DisplayClass25_0.<IndexPageQueue>b__0()
   at EPiServer.Find.Cms.ContentEventIndexer.Sync(IEnumerable`1 contentToIndex, HashSet`1 contentToIndexSet, Func`1 index)
   at EPiServer.Find.Cms.ContentEventIndexer.IndexPageQueue(IEnumerable`1 contentToIndex)
   at EPiServer.Find.Cms.ContentEventIndexer.IndexPageQueue()
System.Net.WebException: The remote name could not be resolved: 'your_uri'
   at System.Net.HttpWebRequest.GetRequestStream(TransportContext& context)
   at System.Net.HttpWebRequest.GetRequestStream()
   at EPiServer.Find.Connection.JsonRequest.GetRequestStream(Int64 contentLength)
   at EPiServer.Find.Json.Serializer.SerializeObjectsToJsonRequest(JsonSerializer serializer, IJsonRequest jsonRequest, IEnumerable values)
   at EPiServer.Find.Api.BulkCommand.Execute(List`1& serializationFailures)
   at EPiServer.Find.Api.BulkCommand.Execute()
   at EPiServer.Find.Client.Index(IEnumerable objectsToIndex, Boolean deleteLanguageRoutingDuplicatesOnIndex)
   at EPiServer.Find.Cms.ContentIndexer.IndexWithRetry(IContent[] contents, Int32 maxRetries, Boolean deleteLanguageRoutingDuplicatesOnIndex)
   at EPiServer.Find.Cms.ContentIndexer.Index(IEnumerable`1 contents, IndexOptions options)
   at EPiServer.Find.Cms.ContentEventIndexer.Index(IEnumerable`1 contentLinks)
   at EPiServer.Find.Cms.ContentEventIndexer.<>c__DisplayClass25_0.<IndexPageQueue>b__0()
   at EPiServer.Find.Cms.ContentEventIndexer.Sync(IEnumerable`1 contentToIndex, HashSet`1 contentToIndexSet, Func`1 index)
   at EPiServer.Find.Cms.ContentEventIndexer.IndexPageQueue(IEnumerable`1 contentToIndex)
   at EPiServer.Find.Cms.ContentEventIndexer.IndexPageQueue()
2023-08-08 02:26:56,976 [12] ERROR EPiServer.Find.Cms.ContentEventIndexer: An exception occurred while indexing (IContent). The remote name could not be resolved: 'your_uri'.
System.Net.WebException: The remote name could not be resolved: 'your_uri'
   at System.Net.HttpWebRequest.GetRequestStream(TransportContext& context)
   at System.Net.HttpWebRequest.GetRequestStream()
   at EPiServer.Find.Connection.JsonRequest.GetRequestStream(Int64 contentLength)
   at EPiServer.Find.Json.Serializer.SerializeObjectsToJsonRequest(JsonSerializer serializer, IJsonRequest jsonRequest, IEnumerable values)
   at EPiServer.Find.Api.BulkCommand.Execute(List`1& serializationFailures)
   at EPiServer.Find.Api.BulkCommand.Execute()
   at EPiServer.Find.Client.Index(IEnumerable objectsToIndex, Boolean deleteLanguageRoutingDuplicatesOnIndex)
   at EPiServer.Find.Cms.ContentIndexer.IndexWithRetry(IContent[] contents, Int32 maxRetries, Boolean deleteLanguageRoutingDuplicatesOnIndex)
   at EPiServer.Find.Cms.ContentIndexer.Index(IEnumerable`1 contents, IndexOptions options)
   at EPiServer.Find.Cms.ContentEventIndexer.Index(IEnumerable`1 contentLinks)
   at EPiServer.Find.Cms.ContentEventIndexer.<>c__DisplayClass25_0.<IndexPageQueue>b__0()
   at EPiServer.Find.Cms.ContentEventIndexer.Sync(IEnumerable`1 contentToIndex, HashSet`1 contentToIndexSet, Func`1 index)
   at EPiServer.Find.Cms.ContentEventIndexer.IndexPageQueue(IEnumerable`1 contentToIndex)
   at EPiServer.Find.Cms.ContentEventIndexer.IndexPageQueue()
System.Net.WebException: The remote name could not be resolved: 'your_uri'
   at System.Net.HttpWebRequest.GetRequestStream(TransportContext& context)
   at System.Net.HttpWebRequest.GetRequestStream()
   at EPiServer.Find.Connection.JsonRequest.GetRequestStream(Int64 contentLength)
   at EPiServer.Find.Json.Serializer.SerializeObjectsToJsonRequest(JsonSerializer serializer, IJsonRequest jsonRequest, IEnumerable values)
   at EPiServer.Find.Api.BulkCommand.Execute(List`1& serializationFailures)
   at EPiServer.Find.Api.BulkCommand.Execute()
   at EPiServer.Find.Client.Index(IEnumerable objectsToIndex, Boolean deleteLanguageRoutingDuplicatesOnIndex)
   at EPiServer.Find.Cms.ContentIndexer.IndexWithRetry(IContent[] contents, Int32 maxRetries, Boolean deleteLanguageRoutingDuplicatesOnIndex)
   at EPiServer.Find.Cms.ContentIndexer.Index(IEnumerable`1 contents, IndexOptions options)
   at EPiServer.Find.Cms.ContentEventIndexer.Index(IEnumerable`1 contentLinks)
   at EPiServer.Find.Cms.ContentEventIndexer.<>c__DisplayClass25_0.<IndexPageQueue>b__0()
   at EPiServer.Find.Cms.ContentEventIndexer.Sync(IEnumerable`1 contentToIndex, HashSet`1 contentToIndexSet, Func`1 index)
   at EPiServer.Find.Cms.ContentEventIndexer.IndexPageQueue(IEnumerable`1 contentToIndex)
   at EPiServer.Find.Cms.ContentEventIndexer.IndexPageQueue()
2023-08-08 02:27:11,980 [12] ERROR EPiServer.Find.Cms.ContentEventIndexer: An exception occurred while indexing (IContent). The remote name could not be resolved: 'your_uri'.
System.Net.WebException: The remote name could not be resolved: 'your_uri'
   at System.Net.HttpWebRequest.GetRequestStream(TransportContext& context)
   at System.Net.HttpWebRequest.GetRequestStream()
   at EPiServer.Find.Connection.JsonRequest.GetRequestStream(Int64 contentLength)
   at EPiServer.Find.Json.Serializer.SerializeObjectsToJsonRequest(JsonSerializer serializer, IJsonRequest jsonRequest, IEnumerable values)
   at EPiServer.Find.Api.BulkCommand.Execute(List`1& serializationFailures)
   at EPiServer.Find.Api.BulkCommand.Execute()
   at EPiServer.Find.Client.Index(IEnumerable objectsToIndex, Boolean deleteLanguageRoutingDuplicatesOnIndex)
   at EPiServer.Find.Cms.ContentIndexer.IndexWithRetry(IContent[] contents, Int32 maxRetries, Boolean deleteLanguageRoutingDuplicatesOnIndex)
   at EPiServer.Find.Cms.ContentIndexer.Index(IEnumerable`1 contents, IndexOptions options)
   at EPiServer.Find.Cms.ContentEventIndexer.Index(IEnumerable`1 contentLinks)
   at EPiServer.Find.Cms.ContentEventIndexer.<>c__DisplayClass25_0.<IndexPageQueue>b__0()
   at EPiServer.Find.Cms.ContentEventIndexer.Sync(IEnumerable`1 contentToIndex, HashSet`1 contentToIndexSet, Func`1 index)
   at EPiServer.Find.Cms.ContentEventIndexer.IndexPageQueue(IEnumerable`1 contentToIndex)
   at EPiServer.Find.Cms.ContentEventIndexer.IndexPageQueue()
System.Net.WebException: The remote name could not be resolved: 'your_uri'
   at System.Net.HttpWebRequest.GetRequestStream(TransportContext& context)
   at System.Net.HttpWebRequest.GetRequestStream()
   at EPiServer.Find.Connection.JsonRequest.GetRequestStream(Int64 contentLength)
   at EPiServer.Find.Json.Serializer.SerializeObjectsToJsonRequest(JsonSerializer serializer, IJsonRequest jsonRequest, IEnumerable values)
   at EPiServer.Find.Api.BulkCommand.Execute(List`1& serializationFailures)
   at EPiServer.Find.Api.BulkCommand.Execute()
   at EPiServer.Find.Client.Index(IEnumerable objectsToIndex, Boolean deleteLanguageRoutingDuplicatesOnIndex)
   at EPiServer.Find.Cms.ContentIndexer.IndexWithRetry(IContent[] contents, Int32 maxRetries, Boolean deleteLanguageRoutingDuplicatesOnIndex)
   at EPiServer.Find.Cms.ContentIndexer.Index(IEnumerable`1 contents, IndexOptions options)
   at EPiServer.Find.Cms.ContentEventIndexer.Index(IEnumerable`1 contentLinks)
   at EPiServer.Find.Cms.ContentEventIndexer.<>c__DisplayClass25_0.<IndexPageQueue>b__0()
   at EPiServer.Find.Cms.ContentEventIndexer.Sync(IEnumerable`1 contentToIndex, HashSet`1 contentToIndexSet, Func`1 index)
   at EPiServer.Find.Cms.ContentEventIndexer.IndexPageQueue(IEnumerable`1 contentToIndex)
   at EPiServer.Find.Cms.ContentEventIndexer.IndexPageQueue()
2023-08-08 02:27:14,808 [12] ERROR EPiServer.Find.Cms.CmsUnifiedSearchSetUp: IAttachmentHelper can not be initiated.
2023-08-08 02:27:17,096 [12] ERROR EPiServer.Find.Cms.ContentEventIndexer: An exception occurred while indexing (IContent). The remote name could not be resolved: 'your_uri'.
System.Net.WebException: The remote name could not be resolved: 'your_uri'
   at System.Net.HttpWebRequest.GetRequestStream(TransportContext& context)
   at System.Net.HttpWebRequest.GetRequestStream()
   at EPiServer.Find.Connection.JsonRequest.GetRequestStream(Int64 contentLength)
   at EPiServer.Find.Json.Serializer.SerializeObjectsToJsonRequest(JsonSerializer serializer, IJsonRequest jsonRequest, IEnumerable values)
   at EPiServer.Find.Api.BulkCommand.Execute(List`1& serializationFailures)
   at EPiServer.Find.Api.BulkCommand.Execute()
   at EPiServer.Find.Client.Index(IEnumerable objectsToIndex, Boolean deleteLanguageRoutingDuplicatesOnIndex)
   at EPiServer.Find.Cms.ContentIndexer.IndexWithRetry(IContent[] contents, Int32 maxRetries, Boolean deleteLanguageRoutingDuplicatesOnIndex)
   at EPiServer.Find.Cms.ContentIndexer.Index(IEnumerable`1 contents, IndexOptions options)
   at EPiServer.Find.Cms.ContentIndexer.IndexFrom(ContentReference contentLink, Boolean includeRootPage, IndexOptions indexOptions)
   at EPiServer.Find.Cms.ContentEventIndexer.<>c__DisplayClass25_1.<IndexPageQueue>b__2()
   at EPiServer.Find.Cms.ContentEventIndexer.Sync(IEnumerable`1 contentToIndex, HashSet`1 contentToIndexSet, Func`1 index)
   at EPiServer.Find.Cms.ContentEventIndexer.IndexPageQueue(IEnumerable`1 contentToIndex)
   at EPiServer.Find.Cms.ContentEventIndexer.IndexPageQueue()
System.Net.WebException: The remote name could not be resolved: 'your_uri'
   at System.Net.HttpWebRequest.GetRequestStream(TransportContext& context)
   at System.Net.HttpWebRequest.GetRequestStream()
   at EPiServer.Find.Connection.JsonRequest.GetRequestStream(Int64 contentLength)
   at EPiServer.Find.Json.Serializer.SerializeObjectsToJsonRequest(JsonSerializer serializer, IJsonRequest jsonRequest, IEnumerable values)
   at EPiServer.Find.Api.BulkCommand.Execute(List`1& serializationFailures)
   at EPiServer.Find.Api.BulkCommand.Execute()
   at EPiServer.Find.Client.Index(IEnumerable objectsToIndex, Boolean deleteLanguageRoutingDuplicatesOnIndex)
   at EPiServer.Find.Cms.ContentIndexer.IndexWithRetry(IContent[] contents, Int32 maxRetries, Boolean deleteLanguageRoutingDuplicatesOnIndex)
   at EPiServer.Find.Cms.ContentIndexer.Index(IEnumerable`1 contents, IndexOptions options)
   at EPiServer.Find.Cms.ContentIndexer.IndexFrom(ContentReference contentLink, Boolean includeRootPage, IndexOptions indexOptions)
   at EPiServer.Find.Cms.ContentEventIndexer.<>c__DisplayClass25_1.<IndexPageQueue>b__2()
   at EPiServer.Find.Cms.ContentEventIndexer.Sync(IEnumerable`1 contentToIndex, HashSet`1 contentToIndexSet, Func`1 index)
   at EPiServer.Find.Cms.ContentEventIndexer.IndexPageQueue(IEnumerable`1 contentToIndex)
   at EPiServer.Find.Cms.ContentEventIndexer.IndexPageQueue()
2023-08-08 02:27:24,559 [12] ERROR EPiServer.Find.Cms.ContentEventIndexer: An exception occurred while indexing (IContent). The remote name could not be resolved: 'your_uri'.
System.Net.WebException: The remote name could not be resolved: 'your_uri'
   at System.Net.HttpWebRequest.GetRequestStream(TransportContext& context)
   at System.Net.HttpWebRequest.GetRequestStream()
   at EPiServer.Find.Connection.JsonRequest.GetRequestStream(Int64 contentLength)
   at EPiServer.Find.Json.Serializer.SerializeObjectsToJsonRequest(JsonSerializer serializer, IJsonRequest jsonRequest, IEnumerable values)
   at EPiServer.Find.Api.BulkCommand.Execute(List`1& serializationFailures)
   at EPiServer.Find.Api.BulkCommand.Execute()
   at EPiServer.Find.Client.Index(IEnumerable objectsToIndex, Boolean deleteLanguageRoutingDuplicatesOnIndex)
   at EPiServer.Find.Cms.ContentIndexer.IndexWithRetry(IContent[] contents, Int32 maxRetries, Boolean deleteLanguageRoutingDuplicatesOnIndex)
   at EPiServer.Find.Cms.ContentIndexer.Index(IEnumerable`1 contents, IndexOptions options)
   at EPiServer.Find.Cms.ContentEventIndexer.Index(IEnumerable`1 contentLinks)
   at EPiServer.Find.Cms.ContentEventIndexer.<>c__DisplayClass25_0.<IndexPageQueue>b__1()
   at EPiServer.Find.Cms.ContentEventIndexer.Sync(IEnumerable`1 contentToIndex, HashSet`1 contentToIndexSet, Func`1 index)
   at EPiServer.Find.Cms.ContentEventIndexer.IndexPageQueue(IEnumerable`1 contentToIndex)
   at EPiServer.Find.Cms.ContentEventIndexer.IndexPageQueue()
System.Net.WebException: The remote name could not be resolved: 'your_uri'
   at System.Net.HttpWebRequest.GetRequestStream(TransportContext& context)
   at System.Net.HttpWebRequest.GetRequestStream()
   at EPiServer.Find.Connection.JsonRequest.GetRequestStream(Int64 contentLength)
   at EPiServer.Find.Json.Serializer.SerializeObjectsToJsonRequest(JsonSerializer serializer, IJsonRequest jsonRequest, IEnumerable values)
   at EPiServer.Find.Api.BulkCommand.Execute(List`1& serializationFailures)
   at EPiServer.Find.Api.BulkCommand.Execute()
   at EPiServer.Find.Client.Index(IEnumerable objectsToIndex, Boolean deleteLanguageRoutingDuplicatesOnIndex)
   at EPiServer.Find.Cms.ContentIndexer.IndexWithRetry(IContent[] contents, Int32 maxRetries, Boolean deleteLanguageRoutingDuplicatesOnIndex)
   at EPiServer.Find.Cms.ContentIndexer.Index(IEnumerable`1 contents, IndexOptions options)
   at EPiServer.Find.Cms.ContentEventIndexer.Index(IEnumerable`1 contentLinks)
   at EPiServer.Find.Cms.ContentEventIndexer.<>c__DisplayClass25_0.<IndexPageQueue>b__1()
   at EPiServer.Find.Cms.ContentEventIndexer.Sync(IEnumerable`1 contentToIndex, HashSet`1 contentToIndexSet, Func`1 index)
   at EPiServer.Find.Cms.ContentEventIndexer.IndexPageQueue(IEnumerable`1 contentToIndex)
   at EPiServer.Find.Cms.ContentEventIndexer.IndexPageQueue()
2023-08-08 14:21:12,964 [6] ERROR EPiServer.Find.Cms.CmsUnifiedSearchSetUp: IAttachmentHelper can not be initiated.
2023-08-08 14:21:13,476 [18] ERROR EPiServer.Global: Unhandled exception in ASP.NET
System.Web.HttpParseException (0x80004005): http://server/EPiServer/Find/Views/Shared/Find.Master(17): error CS0012: The type 'System.Object' is defined in an assembly that is not referenced. You must add a reference to assembly 'netstandard, Version=2.0.0.0, Culture=neutral, PublicKeyToken=cc7b13ffcd2ddd51'. ---> System.Web.HttpCompileException (0x80004005): http://server/EPiServer/Find/Views/Shared/Find.Master(17): error CS0012: The type 'System.Object' is defined in an assembly that is not referenced. You must add a reference to assembly 'netstandard, Version=2.0.0.0, Culture=neutral, PublicKeyToken=cc7b13ffcd2ddd51'.
   at System.Web.Compilation.AssemblyBuilder.Compile()
   at System.Web.Compilation.BuildProvidersCompiler.PerformBuild()
   at System.Web.Compilation.BuildManager.CompileWebFile(VirtualPath virtualPath)
   at System.Web.Compilation.BuildManager.GetVPathBuildResultInternal(VirtualPath virtualPath, Boolean noBuild, Boolean allowCrossApp, Boolean allowBuildInPrecompile, Boolean throwIfNotFound, Boolean ensureIsUpToDate)
   at System.Web.Compilation.BuildManager.GetVPathBuildResultWithNoAssert(HttpContext context, VirtualPath virtualPath, Boolean noBuild, Boolean allowCrossApp, Boolean allowBuildInPrecompile, Boolean throwIfNotFound, Boolean ensureIsUpToDate)
   at System.Web.Compilation.BuildManager.GetVPathBuildResult(HttpContext context, VirtualPath virtualPath, Boolean noBuild, Boolean allowCrossApp, Boolean allowBuildInPrecompile, Boolean ensureIsUpToDate)
   at System.Web.UI.BaseTemplateParser.GetReferencedType(VirtualPath virtualPath, Boolean allowNoCompile)
   at System.Web.UI.PageParser.ProcessMainDirectiveAttribute(String deviceName, String name, String value, IDictionary parseData)
   at System.Web.UI.TemplateParser.ProcessMainDirective(IDictionary mainDirective)
   at System.Web.UI.TemplateParser.ProcessException(Exception ex)
   at System.Web.UI.TemplateParser.ParseStringInternal(String text, Encoding fileEncoding)
   at System.Web.UI.TemplateParser.ParseString(String text, VirtualPath virtualPath, Encoding fileEncoding)
   at System.Web.UI.TemplateParser.ParseFile(String physicalPath, VirtualPath virtualPath)
   at System.Web.UI.TemplateParser.ParseInternal()
   at System.Web.UI.TemplateParser.Parse()
   at System.Web.Compilation.BaseTemplateBuildProvider.get_CodeCompilerType()
   at System.Web.Compilation.BuildProvider.GetCompilerTypeFromBuildProvider(BuildProvider buildProvider)
   at System.Web.Compilation.BuildProvidersCompiler.ProcessBuildProviders()
   at System.Web.Compilation.BuildProvidersCompiler.PerformBuild()
   at System.Web.Compilation.BuildManager.CompileWebFile(VirtualPath virtualPath)
   at System.Web.Compilation.BuildManager.GetVPathBuildResultInternal(VirtualPath virtualPath, Boolean noBuild, Boolean allowCrossApp, Boolean allowBuildInPrecompile, Boolean throwIfNotFound, Boolean ensureIsUpToDate)
   at System.Web.Compilation.BuildManager.GetVPathBuildResultWithNoAssert(HttpContext context, VirtualPath virtualPath, Boolean noBuild, Boolean allowCrossApp, Boolean allowBuildInPrecompile, Boolean throwIfNotFound, Boolean ensureIsUpToDate)
   at System.Web.Compilation.BuildManager.GetVirtualPathObjectFactory(VirtualPath virtualPath, HttpContext context, Boolean allowCrossApp, Boolean throwIfNotFound)
   at System.Web.Compilation.BuildManager.GetCompiledType(VirtualPath virtualPath)
   at System.Web.Compilation.BuildManager.GetCompiledType(String virtualPath)
   at System.Web.Mvc.BuildManagerWrapper.System.Web.Mvc.IBuildManager.GetCompiledType(String virtualPath)
   at System.Web.Mvc.BuildManagerCompiledView.Render(ViewContext viewContext, TextWriter writer)
   at System.Web.Mvc.ViewResultBase.ExecuteResult(ControllerContext context)
   at System.Web.Mvc.ControllerActionInvoker.InvokeActionResult(ControllerContext controllerContext, ActionResult actionResult)
   at System.Web.Mvc.ControllerActionInvoker.InvokeActionResultFilterRecursive(IList`1 filters, Int32 filterIndex, ResultExecutingContext preContext, ControllerContext controllerContext, ActionResult actionResult)
   at System.Web.Mvc.ControllerActionInvoker.InvokeActionResultFilterRecursive(IList`1 filters, Int32 filterIndex, ResultExecutingContext preContext, ControllerContext controllerContext, ActionResult actionResult)
   at System.Web.Mvc.ControllerActionInvoker.InvokeActionResultFilterRecursive(IList`1 filters, Int32 filterIndex, ResultExecutingContext preContext, ControllerContext controllerContext, ActionResult actionResult)
   at System.Web.Mvc.ControllerActionInvoker.InvokeActionResultFilterRecursive(IList`1 filters, Int32 filterIndex, ResultExecutingContext preContext, ControllerContext controllerContext, ActionResult actionResult)
   at System.Web.Mvc.ControllerActionInvoker.InvokeActionResultFilterRecursive(IList`1 filters, Int32 filterIndex, ResultExecutingContext preContext, ControllerContext controllerContext, ActionResult actionResult)
   at System.Web.Mvc.ControllerActionInvoker.InvokeActionResultWithFilters(ControllerContext controllerContext, IList`1 filters, ActionResult actionResult)
   at System.Web.Mvc.ControllerActionInvoker.InvokeAction(ControllerContext controllerContext, String actionName)
   at System.Web.Mvc.Controller.ExecuteCore()
   at System.Web.Mvc.ControllerBase.Execute(RequestContext requestContext)
   at System.Web.Mvc.ControllerBase.System.Web.Mvc.IController.Execute(RequestContext requestContext)
   at EPiServer.Shell.Web.Mvc.ModuleMvcHandler.ProcessController(IController controller)
   at EPiServer.Shell.Web.Mvc.ModuleMvcHandler.BeginProcessRequest(HttpContextBase httpContext, AsyncCallback callback, Object state)
   at System.Web.Mvc.MvcHandler.BeginProcessRequest(HttpContext httpContext, AsyncCallback callback, Object state)
   at System.Web.Mvc.MvcHandler.System.Web.IHttpAsyncHandler.BeginProcessRequest(HttpContext context, AsyncCallback cb, Object extraData)
   at System.Web.HttpApplication.CallHandlerExecutionStep.System.Web.HttpApplication.IExecutionStep.Execute()
   at System.Web.HttpApplication.ExecuteStepImpl(IExecutionStep step)
   at System.Web.HttpApplication.ExecuteStep(IExecutionStep step, Boolean& completedSynchronously)
System.Web.HttpParseException (0x80004005): http://server/EPiServer/Find/Views/Shared/Find.Master(17): error CS0012: The type 'System.Object' is defined in an assembly that is not referenced. You must add a reference to assembly 'netstandard, Version=2.0.0.0, Culture=neutral, PublicKeyToken=cc7b13ffcd2ddd51'. ---> System.Web.HttpCompileException (0x80004005): http://server/EPiServer/Find/Views/Shared/Find.Master(17): error CS0012: The type 'System.Object' is defined in an assembly that is not referenced. You must add a reference to assembly 'netstandard, Version=2.0.0.0, Culture=neutral, PublicKeyToken=cc7b13ffcd2ddd51'.
   at System.Web.Compilation.AssemblyBuilder.Compile()
   at System.Web.Compilation.BuildProvidersCompiler.PerformBuild()
   at System.Web.Compilation.BuildManager.CompileWebFile(VirtualPath virtualPath)
   at System.Web.Compilation.BuildManager.GetVPathBuildResultInternal(VirtualPath virtualPath, Boolean noBuild, Boolean allowCrossApp, Boolean allowBuildInPrecompile, Boolean throwIfNotFound, Boolean ensureIsUpToDate)
   at System.Web.Compilation.BuildManager.GetVPathBuildResultWithNoAssert(HttpContext context, VirtualPath virtualPath, Boolean noBuild, Boolean allowCrossApp, Boolean allowBuildInPrecompile, Boolean throwIfNotFound, Boolean ensureIsUpToDate)
   at System.Web.Compilation.BuildManager.GetVPathBuildResult(HttpContext context, VirtualPath virtualPath, Boolean noBuild, Boolean allowCrossApp, Boolean allowBuildInPrecompile, Boolean ensureIsUpToDate)
   at System.Web.UI.BaseTemplateParser.GetReferencedType(VirtualPath virtualPath, Boolean allowNoCompile)
   at System.Web.UI.PageParser.ProcessMainDirectiveAttribute(String deviceName, String name, String value, IDictionary parseData)
   at System.Web.UI.TemplateParser.ProcessMainDirective(IDictionary mainDirective)
   at System.Web.UI.TemplateParser.ProcessException(Exception ex)
   at System.Web.UI.TemplateParser.ParseStringInternal(String text, Encoding fileEncoding)
   at System.Web.UI.TemplateParser.ParseString(String text, VirtualPath virtualPath, Encoding fileEncoding)
   at System.Web.UI.TemplateParser.ParseFile(String physicalPath, VirtualPath virtualPath)
   at System.Web.UI.TemplateParser.ParseInternal()
   at System.Web.UI.TemplateParser.Parse()
   at System.Web.Compilation.BaseTemplateBuildProvider.get_CodeCompilerType()
   at System.Web.Compilation.BuildProvider.GetCompilerTypeFromBuildProvider(BuildProvider buildProvider)
   at System.Web.Compilation.BuildProvidersCompiler.ProcessBuildProviders()
   at System.Web.Compilation.BuildProvidersCompiler.PerformBuild()
   at System.Web.Compilation.BuildManager.CompileWebFile(VirtualPath virtualPath)
   at System.Web.Compilation.BuildManager.GetVPathBuildResultInternal(VirtualPath virtualPath, Boolean noBuild, Boolean allowCrossApp, Boolean allowBuildInPrecompile, Boolean throwIfNotFound, Boolean ensureIsUpToDate)
   at System.Web.Compilation.BuildManager.GetVPathBuildResultWithNoAssert(HttpContext context, VirtualPath virtualPath, Boolean noBuild, Boolean allowCrossApp, Boolean allowBuildInPrecompile, Boolean throwIfNotFound, Boolean ensureIsUpToDate)
   at System.Web.Compilation.BuildManager.GetVirtualPathObjectFactory(VirtualPath virtualPath, HttpContext context, Boolean allowCrossApp, Boolean throwIfNotFound)
   at System.Web.Compilation.BuildManager.GetCompiledType(VirtualPath virtualPath)
   at System.Web.Compilation.BuildManager.GetCompiledType(String virtualPath)
   at System.Web.Mvc.BuildManagerWrapper.System.Web.Mvc.IBuildManager.GetCompiledType(String virtualPath)
   at System.Web.Mvc.BuildManagerCompiledView.Render(ViewContext viewContext, TextWriter writer)
   at System.Web.Mvc.ViewResultBase.ExecuteResult(ControllerContext context)
   at System.Web.Mvc.ControllerActionInvoker.InvokeActionResult(ControllerContext controllerContext, ActionResult actionResult)
   at System.Web.Mvc.ControllerActionInvoker.InvokeActionResultFilterRecursive(IList`1 filters, Int32 filterIndex, ResultExecutingContext preContext, ControllerContext controllerContext, ActionResult actionResult)
   at System.Web.Mvc.ControllerActionInvoker.InvokeActionResultFilterRecursive(IList`1 filters, Int32 filterIndex, ResultExecutingContext preContext, ControllerContext controllerContext, ActionResult actionResult)
   at System.Web.Mvc.ControllerActionInvoker.InvokeActionResultFilterRecursive(IList`1 filters, Int32 filterIndex, ResultExecutingContext preContext, ControllerContext controllerContext, ActionResult actionResult)
   at System.Web.Mvc.ControllerActionInvoker.InvokeActionResultFilterRecursive(IList`1 filters, Int32 filterIndex, ResultExecutingContext preContext, ControllerContext controllerContext, ActionResult actionResult)
   at System.Web.Mvc.ControllerActionInvoker.InvokeActionResultFilterRecursive(IList`1 filters, Int32 filterIndex, ResultExecutingContext preContext, ControllerContext controllerContext, ActionResult actionResult)
   at System.Web.Mvc.ControllerActionInvoker.InvokeActionResultWithFilters(ControllerContext controllerContext, IList`1 filters, ActionResult actionResult)
   at System.Web.Mvc.ControllerActionInvoker.InvokeAction(ControllerContext controllerContext, String actionName)
   at System.Web.Mvc.Controller.ExecuteCore()
   at System.Web.Mvc.ControllerBase.Execute(RequestContext requestContext)
   at System.Web.Mvc.ControllerBase.System.Web.Mvc.IController.Execute(RequestContext requestContext)
   at EPiServer.Shell.Web.Mvc.ModuleMvcHandler.ProcessController(IController controller)
   at EPiServer.Shell.Web.Mvc.ModuleMvcHandler.BeginProcessRequest(HttpContextBase httpContext, AsyncCallback callback, Object state)
   at System.Web.Mvc.MvcHandler.BeginProcessRequest(HttpContext httpContext, AsyncCallback callback, Object state)
   at System.Web.Mvc.MvcHandler.System.Web.IHttpAsyncHandler.BeginProcessRequest(HttpContext context, AsyncCallback cb, Object extraData)
   at System.Web.HttpApplication.CallHandlerExecutionStep.System.Web.HttpApplication.IExecutionStep.Execute()
   at System.Web.HttpApplication.ExecuteStepImpl(IExecutionStep step)
   at System.Web.HttpApplication.ExecuteStep(IExecutionStep step, Boolean& completedSynchronously)
2023-08-08 14:24:39,630 [6] ERROR EPiServer.Find.UI.Helpers.ExternalResourceHelper: Could not fetch https://dl.episerver.net/version.json, the following occured: System.AggregateException: One or more errors occurred. ---> System.Threading.Tasks.TaskCanceledException: A task was canceled.
   --- End of inner exception stack trace ---
   at System.Threading.Tasks.Task.ThrowIfExceptional(Boolean includeTaskCanceledExceptions)
   at System.Threading.Tasks.Task`1.GetResultCore(Boolean waitCompletionNotification)
   at System.Threading.Tasks.Task`1.get_Result()
   at EPiServer.Find.UI.Helpers.ExternalResourceHelper.FetchVersionFromExternalResource[T](String urlToJsonFile)
---> (Inner Exception #0) System.Threading.Tasks.TaskCanceledException: A task was canceled.<---

2023-08-08 14:31:38,860 [33] ERROR EPiServer.DataAbstraction.ScheduledJob: Job ExportExcelReport.Business.Job.ExportReport failed for the job 'ExportReport' with jobId ='b2decd7f-6581-4d78-a5c1-dedbc25cf687' 
CsvHelper.WriterException: An unexpected error occurred. See inner exception for details.
IWriter state:
   Row: 1
   Index: 0
   HeaderRecord:
1
 ---> System.InvalidOperationException: This operation is only valid on generic types.
   at System.RuntimeType.GetGenericTypeDefinition()
   at CsvHelper.TypeConversion.CollectionConverterFactory.Create(Type type, TypeConverterCache cache, ITypeConverter& typeConverter)
   at CsvHelper.TypeConversion.TypeConverterCache.GetConverter(Type type)
   at CsvHelper.Configuration.ClassMap.AutoMapMembers(ClassMap map, CsvContext context, LinkedList`1 mapParents, Int32 indexStart)
   at CsvHelper.Configuration.ClassMap.AutoMapMembers(ClassMap map, CsvContext context, LinkedList`1 mapParents, Int32 indexStart)
   at CsvHelper.Configuration.ClassMap.AutoMapMembers(ClassMap map, CsvContext context, LinkedList`1 mapParents, Int32 indexStart)
   at CsvHelper.Configuration.ClassMap.AutoMapMembers(ClassMap map, CsvContext context, LinkedList`1 mapParents, Int32 indexStart)
   at CsvHelper.Configuration.ClassMap.AutoMapMembers(ClassMap map, CsvContext context, LinkedList`1 mapParents, Int32 indexStart)
   at CsvHelper.Configuration.ClassMap.AutoMapMembers(ClassMap map, CsvContext context, LinkedList`1 mapParents, Int32 indexStart)
   at CsvHelper.Configuration.ClassMap.AutoMapMembers(ClassMap map, CsvContext context, LinkedList`1 mapParents, Int32 indexStart)
   at CsvHelper.Configuration.ClassMap.AutoMapMembers(ClassMap map, CsvContext context, LinkedList`1 mapParents, Int32 indexStart)
   at CsvHelper.Configuration.ClassMap.AutoMapMembers(ClassMap map, CsvContext context, LinkedList`1 mapParents, Int32 indexStart)
   at CsvHelper.Configuration.ClassMap.AutoMap(CsvContext context)
   at CsvHelper.CsvContext.AutoMap(Type type)
   at CsvHelper.CsvWriter.WriteHeader(Type type)
   at CsvHelper.CsvWriter.WriteHeader[T](IEnumerable`1 records)
   at CsvHelper.CsvWriter.WriteRecords[T](IEnumerable`1 records)
   --- End of inner exception stack trace ---
   at CsvHelper.CsvWriter.WriteRecords[T](IEnumerable`1 records)
   at ExportExcelReport.Business.Job.ExportReport.Execute()
   at EPiServer.Scheduler.Internal.DefaultScheduledJobExecutor.<Execute>d__31.MoveNext()
CsvHelper.WriterException: An unexpected error occurred. See inner exception for details.
IWriter state:
   Row: 1
   Index: 0
   HeaderRecord:
1
 ---> System.InvalidOperationException: This operation is only valid on generic types.
   at System.RuntimeType.GetGenericTypeDefinition()
   at CsvHelper.TypeConversion.CollectionConverterFactory.Create(Type type, TypeConverterCache cache, ITypeConverter& typeConverter)
   at CsvHelper.TypeConversion.TypeConverterCache.GetConverter(Type type)
   at CsvHelper.Configuration.ClassMap.AutoMapMembers(ClassMap map, CsvContext context, LinkedList`1 mapParents, Int32 indexStart)
   at CsvHelper.Configuration.ClassMap.AutoMapMembers(ClassMap map, CsvContext context, LinkedList`1 mapParents, Int32 indexStart)
   at CsvHelper.Configuration.ClassMap.AutoMapMembers(ClassMap map, CsvContext context, LinkedList`1 mapParents, Int32 indexStart)
   at CsvHelper.Configuration.ClassMap.AutoMapMembers(ClassMap map, CsvContext context, LinkedList`1 mapParents, Int32 indexStart)
   at CsvHelper.Configuration.ClassMap.AutoMapMembers(ClassMap map, CsvContext context, LinkedList`1 mapParents, Int32 indexStart)
   at CsvHelper.Configuration.ClassMap.AutoMapMembers(ClassMap map, CsvContext context, LinkedList`1 mapParents, Int32 indexStart)
   at CsvHelper.Configuration.ClassMap.AutoMapMembers(ClassMap map, CsvContext context, LinkedList`1 mapParents, Int32 indexStart)
   at CsvHelper.Configuration.ClassMap.AutoMapMembers(ClassMap map, CsvContext context, LinkedList`1 mapParents, Int32 indexStart)
   at CsvHelper.Configuration.ClassMap.AutoMapMembers(ClassMap map, CsvContext context, LinkedList`1 mapParents, Int32 indexStart)
   at CsvHelper.Configuration.ClassMap.AutoMap(CsvContext context)
   at CsvHelper.CsvContext.AutoMap(Type type)
   at CsvHelper.CsvWriter.WriteHeader(Type type)
   at CsvHelper.CsvWriter.WriteHeader[T](IEnumerable`1 records)
   at CsvHelper.CsvWriter.WriteRecords[T](IEnumerable`1 records)
   --- End of inner exception stack trace ---
   at CsvHelper.CsvWriter.WriteRecords[T](IEnumerable`1 records)
   at ExportExcelReport.Business.Job.ExportReport.Execute()
   at EPiServer.Scheduler.Internal.DefaultScheduledJobExecutor.<Execute>d__31.MoveNext()
2023-08-08 15:52:12,926 [19] ERROR EPiServer.DataAbstraction.ScheduledJob: Job ExportExcelReport.Business.Job.ExportReport failed for the job 'ExportReport' with jobId ='b2decd7f-6581-4d78-a5c1-dedbc25cf687' 
System.NullReferenceException: Object reference not set to an instance of an object.
   at ExportExcelReport.Business.Job.ExportReport.Execute() in C:\Users\pijus\source\repos\ExportExcelReport\ExportExcelReport\Business\Job\ExportReport.cs:line 81
   at EPiServer.Scheduler.Internal.DefaultScheduledJobExecutor.<Execute>d__31.MoveNext()
System.NullReferenceException: Object reference not set to an instance of an object.
   at ExportExcelReport.Business.Job.ExportReport.Execute() in C:\Users\pijus\source\repos\ExportExcelReport\ExportExcelReport\Business\Job\ExportReport.cs:line 81
   at EPiServer.Scheduler.Internal.DefaultScheduledJobExecutor.<Execute>d__31.MoveNext()
2023-08-08 16:09:30,522 [12] ERROR EPiServer.Find.Cms.CmsUnifiedSearchSetUp: IAttachmentHelper can not be initiated.
2023-08-08 16:13:44,963 [22] ERROR EPiServer.Find.Cms.CmsUnifiedSearchSetUp: IAttachmentHelper can not be initiated.
2023-08-08 16:18:58,961 [12] ERROR EPiServer.Find.Cms.CmsUnifiedSearchSetUp: IAttachmentHelper can not be initiated.
2023-08-08 16:32:24,266 [20] ERROR EPiServer.Find.Cms.CmsUnifiedSearchSetUp: IAttachmentHelper can not be initiated.
2023-08-08 17:05:19,394 [18] ERROR EPiServer.DataAbstraction.ScheduledJob: Job ExportExcelReport.Business.Job.ExportReport failed for the job 'ExportReport' with jobId ='b2decd7f-6581-4d78-a5c1-dedbc25cf687' 
System.ArgumentNullException: Value cannot be null.
Parameter name: parentContent
   at EPiServer.Core.Internal.DefaultContentRepository.GetDefault[T](ContentReference parentLink, Int32 contentTypeID, CultureInfo language)
   at EPiServer.Core.Internal.DefaultContentRepository.GetDefault[T](ContentReference parentLink, CultureInfo language)
   at EPiServer.Core.Internal.DefaultContentRepository.GetDefault[T](ContentReference parentLink)
   at ExportExcelReport.Business.Job.ExportReport.Execute() in C:\Users\pijus\source\repos\ExportExcelReport\ExportExcelReport\Business\Job\ExportReport.cs:line 48
   at EPiServer.Scheduler.Internal.DefaultScheduledJobExecutor.<Execute>d__31.MoveNext()
System.ArgumentNullException: Value cannot be null.
Parameter name: parentContent
   at EPiServer.Core.Internal.DefaultContentRepository.GetDefault[T](ContentReference parentLink, Int32 contentTypeID, CultureInfo language)
   at EPiServer.Core.Internal.DefaultContentRepository.GetDefault[T](ContentReference parentLink, CultureInfo language)
   at EPiServer.Core.Internal.DefaultContentRepository.GetDefault[T](ContentReference parentLink)
   at ExportExcelReport.Business.Job.ExportReport.Execute() in C:\Users\pijus\source\repos\ExportExcelReport\ExportExcelReport\Business\Job\ExportReport.cs:line 48
   at EPiServer.Scheduler.Internal.DefaultScheduledJobExecutor.<Execute>d__31.MoveNext()
2023-08-08 17:05:53,010 [13] ERROR EPiServer.Find.Cms.CmsUnifiedSearchSetUp: IAttachmentHelper can not be initiated.
2023-08-08 17:17:07,726 [12] ERROR EPiServer.Find.Cms.CmsUnifiedSearchSetUp: IAttachmentHelper can not be initiated.
2023-08-08 17:20:27,090 [13] ERROR EPiServer.Find.Cms.CmsUnifiedSearchSetUp: IAttachmentHelper can not be initiated.
2023-08-08 17:28:03,363 [12] ERROR EPiServer.Find.Cms.CmsUnifiedSearchSetUp: IAttachmentHelper can not be initiated.
2023-08-08 17:31:11,701 [12] ERROR EPiServer.Find.Cms.CmsUnifiedSearchSetUp: IAttachmentHelper can not be initiated.
2023-08-08 17:59:53,588 [13] ERROR EPiServer.Find.Cms.CmsUnifiedSearchSetUp: IAttachmentHelper can not be initiated.
2023-08-08 18:41:58,815 [17] ERROR EPiServer.Find.Cms.CmsUnifiedSearchSetUp: IAttachmentHelper can not be initiated.
2023-08-08 23:15:02,673 [21] ERROR EPiServer.DataAbstraction.ScheduledJob: Job ExportExcelReport.Business.Job.ImportFromCsvFileJob failed for the job 'ImportFromCsvFileJob' with jobId ='0421d982-72b2-41e9-8215-9a9c1f68c6f4' 
System.ArgumentException: Path of a blob identifier is required to be a container and file name (/container/file.png)
Parameter name: id
   at EPiServer.Framework.Blobs.Blob.ValidateIdentifier(Uri id, Nullable`1 testForFile)
   at EPiServer.Framework.Blobs.Internal.DefaultBlobFactory.GetBlob(Uri id)
   at ExportExcelReport.Business.Job.ImportFromCsvFileJob.Execute() in C:\Users\pijus\source\repos\ExportExcelReport\ExportExcelReport\Business\Job\ImportFromCsvFileJob.cs:line 54
   at EPiServer.Scheduler.Internal.DefaultScheduledJobExecutor.<Execute>d__31.MoveNext()
System.ArgumentException: Path of a blob identifier is required to be a container and file name (/container/file.png)
Parameter name: id
   at EPiServer.Framework.Blobs.Blob.ValidateIdentifier(Uri id, Nullable`1 testForFile)
   at EPiServer.Framework.Blobs.Internal.DefaultBlobFactory.GetBlob(Uri id)
   at ExportExcelReport.Business.Job.ImportFromCsvFileJob.Execute() in C:\Users\pijus\source\repos\ExportExcelReport\ExportExcelReport\Business\Job\ImportFromCsvFileJob.cs:line 54
   at EPiServer.Scheduler.Internal.DefaultScheduledJobExecutor.<Execute>d__31.MoveNext()
2023-08-08 23:18:13,163 [5] ERROR EPiServer.DataAbstraction.ScheduledJob: Job ExportExcelReport.Business.Job.ImportFromCsvFileJob failed for the job 'ImportFromCsvFileJob' with jobId ='0421d982-72b2-41e9-8215-9a9c1f68c6f4' 
System.ArgumentException: Stream was not readable.
   at System.IO.StreamReader..ctor(Stream stream, Encoding encoding, Boolean detectEncodingFromByteOrderMarks, Int32 bufferSize, Boolean leaveOpen)
   at System.IO.StreamReader..ctor(Stream stream)
   at ExportExcelReport.Business.Job.ImportFromCsvFileJob.Execute() in C:\Users\pijus\source\repos\ExportExcelReport\ExportExcelReport\Business\Job\ImportFromCsvFileJob.cs:line 63
   at EPiServer.Scheduler.Internal.DefaultScheduledJobExecutor.<Execute>d__31.MoveNext()
System.ArgumentException: Stream was not readable.
   at System.IO.StreamReader..ctor(Stream stream, Encoding encoding, Boolean detectEncodingFromByteOrderMarks, Int32 bufferSize, Boolean leaveOpen)
   at System.IO.StreamReader..ctor(Stream stream)
   at ExportExcelReport.Business.Job.ImportFromCsvFileJob.Execute() in C:\Users\pijus\source\repos\ExportExcelReport\ExportExcelReport\Business\Job\ImportFromCsvFileJob.cs:line 63
   at EPiServer.Scheduler.Internal.DefaultScheduledJobExecutor.<Execute>d__31.MoveNext()
